0 info it worked if it ends with ok
1 verbose cli [ '/usr/local/bin/node', '/usr/local/bin/npm', 'run', 'gulp' ]
2 info using npm@3.10.10
3 info using node@v6.14.4
4 verbose run-script [ 'pregulp', 'gulp', 'postgulp' ]
5 info lifecycle @~pregulp: @
6 silly lifecycle @~pregulp: no script for pregulp, continuing
7 info lifecycle @~gulp: @
8 verbose lifecycle @~gulp: unsafe-perm in lifecycle true
9 verbose lifecycle @~gulp: PATH: /usr/local/lib/node_modules/npm/bin/node-gyp-bin:/usr/template/node_modules/.bin:/usr/local/sbin:/usr/local/bin:/usr/sbin:/usr/bin:/sbin:/bin
10 verbose lifecycle @~gulp: CWD: /usr/template
11 silly lifecycle @~gulp: Args: [ '-c', 'node ./node_modules/gulp/bin/gulp.js gulp --watch' ]
12 silly lifecycle @~gulp: Returned: code: 1  signal: null
13 info lifecycle @~gulp: Failed to exec gulp script
14 verbose stack Error: @ gulp: `node ./node_modules/gulp/bin/gulp.js gulp --watch`
14 verbose stack Exit status 1
14 verbose stack     at EventEmitter.<anonymous> (/usr/local/lib/node_modules/npm/lib/utils/lifecycle.js:255:16)
14 verbose stack     at emitTwo (events.js:106:13)
14 verbose stack     at EventEmitter.emit (events.js:191:7)
14 verbose stack     at ChildProcess.<anonymous> (/usr/local/lib/node_modules/npm/lib/utils/spawn.js:40:14)
14 verbose stack     at emitTwo (events.js:106:13)
14 verbose stack     at ChildProcess.emit (events.js:191:7)
14 verbose stack     at maybeClose (internal/child_process.js:920:16)
14 verbose stack     at Process.ChildProcess._handle.onexit (internal/child_process.js:230:5)
15 verbose pkgid @
16 verbose cwd /usr/template
17 error Linux 4.9.125-linuxkit
18 error argv "/usr/local/bin/node" "/usr/local/bin/npm" "run" "gulp"
19 error node v6.14.4
20 error npm  v3.10.10
21 error code ELIFECYCLE
22 error @ gulp: `node ./node_modules/gulp/bin/gulp.js gulp --watch`
22 error Exit status 1
23 error Failed at the @ gulp script 'node ./node_modules/gulp/bin/gulp.js gulp --watch'.
23 error Make sure you have the latest version of node.js and npm installed.
23 error If you do, this is most likely a problem with the  package,
23 error not with npm itself.
23 error Tell the author that this fails on your system:
23 error     node ./node_modules/gulp/bin/gulp.js gulp --watch
23 error You can get information on how to open an issue for this project with:
23 error     npm bugs
23 error Or if that isn't available, you can get their info via:
23 error     npm owner ls
23 error There is likely additional logging output above.
24 verbose exit [ 1, true ]
